<?xml version="1.0" encoding="UTF-8"?>
<coverage generated="1789257836616" clover="3.2.0">
  <project timestamp="1789257836616" name="All files">
    <metrics statements="85" coveredstatements="85" conditionals="29" coveredconditionals="29" methods="30" coveredmethods="30" elements="144" coveredelements="144" complexity="0" loc="85" ncloc="85" packages="1" files="5" classes="5"/>
    <file name="columns.ts" path="/home/max/workspace/PandaJump/src/rules/columns.ts">
      <metrics statements="31" coveredstatements="31" conditionals="11" coveredconditionals="11" methods="14" coveredmethods="14"/>
      <line num="15" count="2" type="stmt"/>
      <line num="16" count="2" type="stmt"/>
      <line num="17" count="2" type="stmt"/>
      <line num="18" count="2" type="stmt"/>
      <line num="19" count="2" type="stmt"/>
      <line num="20" count="2" type="stmt"/>
      <line num="21" count="2" type="stmt"/>
      <line num="23" count="2" type="stmt"/>
      <line num="25" count="2" type="stmt"/>
      <line num="26" count="1940" type="stmt"/>
      <line num="28" count="2" type="stmt"/>
      <line num="29" count="9" type="stmt"/>
      <line num="30" count="9" type="cond" truecount="2" falsecount="0"/>
      <line num="31" count="9" type="stmt"/>
      <line num="32" count="9" type="cond" truecount="2" falsecount="0"/>
      <line num="35" count="2" type="stmt"/>
      <line num="36" count="1012" type="cond" truecount="2" falsecount="0"/>
      <line num="38" count="2" type="stmt"/>
      <line num="39" count="1036" type="stmt"/>
      <line num="41" count="2" type="stmt"/>
      <line num="42" count="1036" type="stmt"/>
      <line num="43" count="507" type="stmt"/>
      <line num="44" count="505" type="cond" truecount="2" falsecount="0"/>
      <line num="46" count="2" type="stmt"/>
      <line num="47" count="512" type="stmt"/>
      <line num="48" count="512" type="cond" truecount="3" falsecount="0"/>
      <line num="51" count="2" type="stmt"/>
      <line num="52" count="1038" type="stmt"/>
      <line num="54" count="2" type="stmt"/>
      <line num="55" count="13" type="stmt"/>
      <line num="56" count="9" type="stmt"/>
    </file>
    <file name="index.ts" path="/home/max/workspace/PandaJump/src/rules/index.ts">
      <metrics statements="0" coveredstatements="0" conditionals="0" coveredconditionals="0" methods="0" coveredmethods="0"/>
    </file>
    <file name="options.ts" path="/home/max/workspace/PandaJump/src/rules/options.ts">
      <metrics statements="11" coveredstatements="11" conditionals="4" coveredconditionals="4" methods="3" coveredmethods="3"/>
      <line num="8" count="2" type="stmt"/>
      <line num="9" count="1" type="stmt"/>
      <line num="10" count="1" type="stmt"/>
      <line num="11" count="1" type="stmt"/>
      <line num="12" count="4" type="stmt"/>
      <line num="13" count="4" type="stmt"/>
      <line num="14" count="4" type="stmt"/>
      <line num="18" count="2" type="stmt"/>
      <line num="19" count="3" type="stmt"/>
      <line num="20" count="3" type="stmt"/>
      <line num="21" count="3" type="stmt"/>
    </file>
    <file name="panda.ts" path="/home/max/workspace/PandaJump/src/rules/panda.ts">
      <metrics statements="12" coveredstatements="12" conditionals="8" coveredconditionals="8" methods="4" coveredmethods="4"/>
      <line num="7" count="2" type="stmt"/>
      <line num="8" count="2" type="stmt"/>
      <line num="9" count="2" type="stmt"/>
      <line num="11" count="2" type="stmt"/>
      <line num="13" count="8" type="cond" truecount="2" falsecount="0"/>
      <line num="15" count="3" type="cond" truecount="2" falsecount="0"/>
      <line num="17" count="2" type="stmt"/>
      <line num="18" count="8" type="cond" truecount="2" falsecount="0"/>
      <line num="20" count="2" type="stmt"/>
      <line num="21" count="1036" type="stmt"/>
      <line num="22" count="1036" type="stmt"/>
      <line num="23" count="1036" type="cond" truecount="2" falsecount="0"/>
    </file>
    <file name="run.ts" path="/home/max/workspace/PandaJump/src/rules/run.ts">
      <metrics statements="31" coveredstatements="31" conditionals="6" coveredconditionals="6" methods="9" coveredmethods="9"/>
      <line num="31" count="1" type="stmt"/>
      <line num="32" count="1" type="stmt"/>
      <line num="33" count="1" type="stmt"/>
      <line num="34" count="1" type="stmt"/>
      <line num="35" count="1" type="stmt"/>
      <line num="36" count="1" type="stmt"/>
      <line num="37" count="1" type="stmt"/>
      <line num="39" count="7" type="stmt"/>
      <line num="48" count="1" type="stmt"/>
      <line num="49" count="1033" type="cond" truecount="2" falsecount="0"/>
      <line num="51" count="1" type="stmt"/>
      <line num="52" count="1033" type="stmt"/>
      <line num="53" count="1033" type="stmt"/>
      <line num="54" count="1033" type="stmt"/>
      <line num="55" count="1033" type="stmt"/>
      <line num="56" count="1033" type="stmt"/>
      <line num="57" count="1033" type="cond" truecount="2" falsecount="0"/>
      <line num="58" count="1033" type="stmt"/>
      <line num="59" count="1033" type="cond" truecount="2" falsecount="0"/>
      <line num="62" count="1" type="stmt"/>
      <line num="63" count="12" type="stmt"/>
      <line num="64" count="12" type="stmt"/>
      <line num="65" count="1033" type="stmt"/>
      <line num="67" count="12" type="stmt"/>
      <line num="70" count="12" type="stmt"/>
      <line num="80" count="1" type="stmt"/>
      <line num="81" count="6" type="stmt"/>
      <line num="82" count="6" type="stmt"/>
      <line num="84" count="2" type="stmt"/>
      <line num="87" count="12" type="stmt"/>
      <line num="89" count="12" type="stmt"/>
    </file>
  </project>
</coverage>
