{"/home/max/workspace/PandaJump/src/rules/columns.ts": {"path":"/home/max/workspace/PandaJump/src/rules/columns.ts","statementMap":{"0":{"start":{"line":15,"column":17},"end":{"line":15,"column":null}},"1":{"start":{"line":16,"column":16},"end":{"line":16,"column":null}},"2":{"start":{"line":17,"column":14},"end":{"line":17,"column":null}},"3":{"start":{"line":18,"column":16},"end":{"line":18,"column":null}},"4":{"start":{"line":19,"column":19},"end":{"line":19,"column":null}},"5":{"start":{"line":20,"column":20},"end":{"line":20,"column":null}},"6":{"start":{"line":21,"column":28},"end":{"line":21,"column":null}},"7":{"start":{"line":23,"column":27},"end":{"line":23,"column":null}},"8":{"start":{"line":25,"column":6},"end":{"line":26,"column":null}},"9":{"start":{"line":26,"column":2},"end":{"line":26,"column":null}},"10":{"start":{"line":28,"column":13},"end":{"line":33,"column":null}},"11":{"start":{"line":29,"column":16},"end":{"line":29,"column":null}},"12":{"start":{"line":30,"column":17},"end":{"line":30,"column":null}},"13":{"start":{"line":31,"column":16},"end":{"line":31,"column":null}},"14":{"start":{"line":32,"column":2},"end":{"line":32,"column":null}},"15":{"start":{"line":35,"column":6},"end":{"line":36,"column":null}},"16":{"start":{"line":36,"column":2},"end":{"line":36,"column":null}},"17":{"start":{"line":38,"column":13},"end":{"line":39,"column":null}},"18":{"start":{"line":39,"column":2},"end":{"line":39,"column":null}},"19":{"start":{"line":39,"column":29},"end":{"line":39,"column":52}},"20":{"start":{"line":41,"column":13},"end":{"line":44,"column":null}},"21":{"start":{"line":42,"column":2},"end":{"line":44,"column":null}},"22":{"start":{"line":43,"column":24},"end":{"line":43,"column":60}},"23":{"start":{"line":44,"column":22},"end":{"line":44,"column":86}},"24":{"start":{"line":46,"column":6},"end":{"line":49,"column":null}},"25":{"start":{"line":47,"column":12},"end":{"line":47,"column":null}},"26":{"start":{"line":48,"column":2},"end":{"line":48,"column":null}},"27":{"start":{"line":51,"column":13},"end":{"line":52,"column":null}},"28":{"start":{"line":52,"column":2},"end":{"line":52,"column":null}},"29":{"start":{"line":52,"column":27},"end":{"line":52,"column":56}},"30":{"start":{"line":54,"column":13},"end":{"line":60,"column":null}},"31":{"start":{"line":55,"column":2},"end":{"line":60,"column":null}},"32":{"start":{"line":56,"column":4},"end":{"line":59,"column":null}},"33":{"start":{"line":56,"column":56},"end":{"line":59,"column":6}}},"fnMap":{"0":{"name":"(anonymous_0)","decl":{"start":{"line":25,"column":6},"end":{"line":25,"column":17}},"loc":{"start":{"line":26,"column":2},"end":{"line":26,"column":null}},"line":26},"1":{"name":"(anonymous_1)","decl":{"start":{"line":28,"column":13},"end":{"line":28,"column":29}},"loc":{"start":{"line":28,"column":87},"end":{"line":33,"column":null}},"line":28},"2":{"name":"(anonymous_2)","decl":{"start":{"line":35,"column":6},"end":{"line":35,"column":19}},"loc":{"start":{"line":36,"column":2},"end":{"line":36,"column":null}},"line":36},"3":{"name":"(anonymous_3)","decl":{"start":{"line":38,"column":13},"end":{"line":38,"column":29}},"loc":{"start":{"line":39,"column":2},"end":{"line":39,"column":null}},"line":39},"4":{"name":"(anonymous_4)","decl":{"start":{"line":39,"column":10},"end":{"line":39,"column":18}},"loc":{"start":{"line":39,"column":29},"end":{"line":39,"column":52}},"line":39},"5":{"name":"(anonymous_5)","decl":{"start":{"line":41,"column":13},"end":{"line":41,"column":28}},"loc":{"start":{"line":42,"column":2},"end":{"line":44,"column":null}},"line":42},"6":{"name":"(anonymous_6)","decl":{"start":{"line":43,"column":5},"end":{"line":43,"column":13}},"loc":{"start":{"line":43,"column":24},"end":{"line":43,"column":60}},"line":43},"7":{"name":"(anonymous_7)","decl":{"start":{"line":44,"column":5},"end":{"line":44,"column":10}},"loc":{"start":{"line":44,"column":22},"end":{"line":44,"column":86}},"line":44},"8":{"name":"(anonymous_8)","decl":{"start":{"line":46,"column":6},"end":{"line":46,"column":17}},"loc":{"start":{"line":46,"column":75},"end":{"line":49,"column":null}},"line":46},"9":{"name":"(anonymous_9)","decl":{"start":{"line":51,"column":13},"end":{"line":51,"column":26}},"loc":{"start":{"line":52,"column":2},"end":{"line":52,"column":null}},"line":52},"10":{"name":"(anonymous_10)","decl":{"start":{"line":52,"column":10},"end":{"line":52,"column":16}},"loc":{"start":{"line":52,"column":27},"end":{"line":52,"column":56}},"line":52},"11":{"name":"(anonymous_11)","decl":{"start":{"line":54,"column":13},"end":{"line":54,"column":24}},"loc":{"start":{"line":55,"column":2},"end":{"line":60,"column":null}},"line":55},"12":{"name":"(anonymous_12)","decl":{"start":{"line":55,"column":10},"end":{"line":55,"column":19}},"loc":{"start":{"line":56,"column":4},"end":{"line":59,"column":null}},"line":56},"13":{"name":"(anonymous_13)","decl":{"start":{"line":56,"column":38},"end":{"line":56,"column":42}},"loc":{"start":{"line":56,"column":56},"end":{"line":59,"column":6}},"line":56}},"branchMap":{"0":{"loc":{"start":{"line":30,"column":17},"end":{"line":30,"column":null}},"type":"binary-expr","locations":[{"start":{"line":30,"column":17},"end":{"line":30,"column":51}},{"start":{"line":30,"column":51},"end":{"line":30,"column":null}}],"line":30},"1":{"loc":{"start":{"line":32,"column":9},"end":{"line":32,"column":null}},"type":"cond-expr","locations":[{"start":{"line":32,"column":18},"end":{"line":32,"column":74}},{"start":{"line":32,"column":74},"end":{"line":32,"column":null}}],"line":32},"2":{"loc":{"start":{"line":36,"column":2},"end":{"line":36,"column":null}},"type":"binary-expr","locations":[{"start":{"line":36,"column":2},"end":{"line":36,"column":19}},{"start":{"line":36,"column":19},"end":{"line":36,"column":null}}],"line":36},"3":{"loc":{"start":{"line":44,"column":22},"end":{"line":44,"column":86}},"type":"cond-expr","locations":[{"start":{"line":44,"column":48},"end":{"line":44,"column":79}},{"start":{"line":44,"column":79},"end":{"line":44,"column":86}}],"line":44},"4":{"loc":{"start":{"line":48,"column":9},"end":{"line":48,"column":null}},"type":"binary-expr","locations":[{"start":{"line":48,"column":9},"end":{"line":48,"column":28}},{"start":{"line":48,"column":28},"end":{"line":48,"column":57}},{"start":{"line":48,"column":57},"end":{"line":48,"column":null}}],"line":48}},"s":{"0":2,"1":2,"2":2,"3":2,"4":2,"5":2,"6":2,"7":2,"8":2,"9":1940,"10":2,"11":9,"12":9,"13":9,"14":9,"15":2,"16":1012,"17":2,"18":1036,"19":507,"20":2,"21":1036,"22":507,"23":505,"24":2,"25":512,"26":512,"27":2,"28":1038,"29":512,"30":2,"31":13,"32":8,"33":9},"f":{"0":1940,"1":9,"2":1012,"3":1036,"4":507,"5":1036,"6":507,"7":505,"8":512,"9":1038,"10":512,"11":13,"12":8,"13":9},"b":{"0":[9,2],"1":[1,8],"2":[1012,912],"3":[2,503],"4":[512,99,48]},"meta":{"lastBranch":5,"lastFunction":14,"lastStatement":34,"seen":{"s:15:17:15:Infinity":0,"s:16:16:16:Infinity":1,"s:17:14:17:Infinity":2,"s:18:16:18:Infinity":3,"s:19:19:19:Infinity":4,"s:20:20:20:Infinity":5,"s:21:28:21:Infinity":6,"s:23:27:23:Infinity":7,"s:25:6:26:Infinity":8,"f:25:6:25:17":0,"s:26:2:26:Infinity":9,"s:28:13:33:Infinity":10,"f:28:13:28:29":1,"s:29:16:29:Infinity":11,"s:30:17:30:Infinity":12,"b:30:17:30:51:30:51:30:Infinity":0,"s:31:16:31:Infinity":13,"s:32:2:32:Infinity":14,"b:32:18:32:74:32:74:32:Infinity":1,"s:35:6:36:Infinity":15,"f:35:6:35:19":2,"s:36:2:36:Infinity":16,"b:36:2:36:19:36:19:36:Infinity":2,"s:38:13:39:Infinity":17,"f:38:13:38:29":3,"s:39:2:39:Infinity":18,"f:39:10:39:18":4,"s:39:29:39:52":19,"s:41:13:44:Infinity":20,"f:41:13:41:28":5,"s:42:2:44:Infinity":21,"f:43:5:43:13":6,"s:43:24:43:60":22,"f:44:5:44:10":7,"s:44:22:44:86":23,"b:44:48:44:79:44:79:44:86":3,"s:46:6:49:Infinity":24,"f:46:6:46:17":8,"s:47:12:47:Infinity":25,"s:48:2:48:Infinity":26,"b:48:9:48:28:48:28:48:57:48:57:48:Infinity":4,"s:51:13:52:Infinity":27,"f:51:13:51:26":9,"s:52:2:52:Infinity":28,"f:52:10:52:16":10,"s:52:27:52:56":29,"s:54:13:60:Infinity":30,"f:54:13:54:24":11,"s:55:2:60:Infinity":31,"f:55:10:55:19":12,"s:56:4:59:Infinity":32,"f:56:38:56:42":13,"s:56:56:59:6":33},"fnNames":{}}}
,"/home/max/workspace/PandaJump/src/rules/index.ts": {"path":"/home/max/workspace/PandaJump/src/rules/index.ts","statementMap":{},"fnMap":{},"branchMap":{},"s":{},"f":{},"b":{},"meta":{"lastBranch":0,"lastFunction":0,"lastStatement":0,"seen":{},"fnNames":{}}}
,"/home/max/workspace/PandaJump/src/rules/options.ts": {"path":"/home/max/workspace/PandaJump/src/rules/options.ts","statementMap":{"0":{"start":{"line":8,"column":6},"end":{"line":16,"column":null}},"1":{"start":{"line":9,"column":17},"end":{"line":9,"column":null}},"2":{"start":{"line":10,"column":14},"end":{"line":10,"column":null}},"3":{"start":{"line":11,"column":2},"end":{"line":15,"column":null}},"4":{"start":{"line":12,"column":18},"end":{"line":12,"column":null}},"5":{"start":{"line":13,"column":4},"end":{"line":13,"column":null}},"6":{"start":{"line":14,"column":4},"end":{"line":14,"column":null}},"7":{"start":{"line":18,"column":13},"end":{"line":25,"column":null}},"8":{"start":{"line":19,"column":17},"end":{"line":19,"column":null}},"9":{"start":{"line":20,"column":17},"end":{"line":20,"column":null}},"10":{"start":{"line":21,"column":2},"end":{"line":24,"column":null}}},"fnMap":{"0":{"name":"(anonymous_0)","decl":{"start":{"line":8,"column":6},"end":{"line":8,"column":24}},"loc":{"start":{"line":8,"column":51},"end":{"line":16,"column":null}},"line":8},"1":{"name":"(anonymous_1)","decl":{"start":{"line":11,"column":2},"end":{"line":11,"column":15}},"loc":{"start":{"line":11,"column":15},"end":{"line":15,"column":null}},"line":11},"2":{"name":"(anonymous_2)","decl":{"start":{"line":18,"column":13},"end":{"line":18,"column":28}},"loc":{"start":{"line":18,"column":72},"end":{"line":25,"column":null}},"line":18}},"branchMap":{"0":{"loc":{"start":{"line":22,"column":12},"end":{"line":22,"column":null}},"type":"cond-expr","locations":[{"start":{"line":22,"column":30},"end":{"line":22,"column":39}},{"start":{"line":22,"column":39},"end":{"line":22,"column":null}}],"line":22},"1":{"loc":{"start":{"line":23,"column":15},"end":{"line":23,"column":null}},"type":"cond-expr","locations":[{"start":{"line":23,"column":50},"end":{"line":23,"column":54}},{"start":{"line":23,"column":54},"end":{"line":23,"column":null}}],"line":23}},"s":{"0":2,"1":1,"2":1,"3":1,"4":4,"5":4,"6":4,"7":2,"8":3,"9":3,"10":3},"f":{"0":1,"1":4,"2":3},"b":{"0":[2,1],"1":[1,2]},"meta":{"lastBranch":2,"lastFunction":3,"lastStatement":11,"seen":{"s:8:6:16:Infinity":0,"f:8:6:8:24":0,"s:9:17:9:Infinity":1,"s:10:14:10:Infinity":2,"s:11:2:15:Infinity":3,"f:11:2:11:15":1,"s:12:18:12:Infinity":4,"s:13:4:13:Infinity":5,"s:14:4:14:Infinity":6,"s:18:13:25:Infinity":7,"f:18:13:18:28":2,"s:19:17:19:Infinity":8,"s:20:17:20:Infinity":9,"s:21:2:24:Infinity":10,"b:22:30:22:39:22:39:22:Infinity":0,"b:23:50:23:54:23:54:23:Infinity":1},"fnNames":{}}}
,"/home/max/workspace/PandaJump/src/rules/panda.ts": {"path":"/home/max/workspace/PandaJump/src/rules/panda.ts","statementMap":{"0":{"start":{"line":7,"column":16},"end":{"line":7,"column":null}},"1":{"start":{"line":8,"column":19},"end":{"line":8,"column":null}},"2":{"start":{"line":9,"column":17},"end":{"line":9,"column":null}},"3":{"start":{"line":11,"column":36},"end":{"line":11,"column":null}},"4":{"start":{"line":13,"column":6},"end":{"line":13,"column":null}},"5":{"start":{"line":13,"column":45},"end":{"line":13,"column":null}},"6":{"start":{"line":15,"column":6},"end":{"line":15,"column":null}},"7":{"start":{"line":15,"column":42},"end":{"line":15,"column":null}},"8":{"start":{"line":17,"column":13},"end":{"line":18,"column":null}},"9":{"start":{"line":18,"column":2},"end":{"line":18,"column":null}},"10":{"start":{"line":20,"column":13},"end":{"line":24,"column":null}},"11":{"start":{"line":21,"column":18},"end":{"line":21,"column":null}},"12":{"start":{"line":22,"column":17},"end":{"line":22,"column":null}},"13":{"start":{"line":23,"column":2},"end":{"line":23,"column":null}}},"fnMap":{"0":{"name":"(anonymous_0)","decl":{"start":{"line":13,"column":6},"end":{"line":13,"column":19}},"loc":{"start":{"line":13,"column":45},"end":{"line":13,"column":null}},"line":13},"1":{"name":"(anonymous_1)","decl":{"start":{"line":15,"column":6},"end":{"line":15,"column":17}},"loc":{"start":{"line":15,"column":42},"end":{"line":15,"column":null}},"line":15},"2":{"name":"(anonymous_2)","decl":{"start":{"line":17,"column":13},"end":{"line":17,"column":21}},"loc":{"start":{"line":18,"column":2},"end":{"line":18,"column":null}},"line":18},"3":{"name":"(anonymous_3)","decl":{"start":{"line":20,"column":13},"end":{"line":20,"column":21}},"loc":{"start":{"line":20,"column":57},"end":{"line":24,"column":null}},"line":20}},"branchMap":{"0":{"loc":{"start":{"line":13,"column":45},"end":{"line":13,"column":null}},"type":"binary-expr","locations":[{"start":{"line":13,"column":45},"end":{"line":13,"column":67}},{"start":{"line":13,"column":67},"end":{"line":13,"column":null}}],"line":13},"1":{"loc":{"start":{"line":15,"column":42},"end":{"line":15,"column":null}},"type":"cond-expr","locations":[{"start":{"line":15,"column":58},"end":{"line":15,"column":106}},{"start":{"line":15,"column":106},"end":{"line":15,"column":null}}],"line":15},"2":{"loc":{"start":{"line":18,"column":2},"end":{"line":18,"column":null}},"type":"cond-expr","locations":[{"start":{"line":18,"column":21},"end":{"line":18,"column":70}},{"start":{"line":18,"column":70},"end":{"line":18,"column":null}}],"line":18},"3":{"loc":{"start":{"line":23,"column":9},"end":{"line":23,"column":null}},"type":"cond-expr","locations":[{"start":{"line":23,"column":22},"end":{"line":23,"column":85}},{"start":{"line":23,"column":85},"end":{"line":23,"column":null}}],"line":23}},"s":{"0":2,"1":2,"2":2,"3":2,"4":2,"5":8,"6":2,"7":3,"8":2,"9":8,"10":2,"11":1036,"12":1036,"13":1036},"f":{"0":8,"1":3,"2":8,"3":1036},"b":{"0":[8,6],"1":[2,1],"2":[5,3],"3":[174,862]},"meta":{"lastBranch":4,"lastFunction":4,"lastStatement":14,"seen":{"s:7:16:7:Infinity":0,"s:8:19:8:Infinity":1,"s:9:17:9:Infinity":2,"s:11:36:11:Infinity":3,"s:13:6:13:Infinity":4,"f:13:6:13:19":0,"s:13:45:13:Infinity":5,"b:13:45:13:67:13:67:13:Infinity":0,"s:15:6:15:Infinity":6,"f:15:6:15:17":1,"s:15:42:15:Infinity":7,"b:15:58:15:106:15:106:15:Infinity":1,"s:17:13:18:Infinity":8,"f:17:13:17:21":2,"s:18:2:18:Infinity":9,"b:18:21:18:70:18:70:18:Infinity":2,"s:20:13:24:Infinity":10,"f:20:13:20:21":3,"s:21:18:21:Infinity":11,"s:22:17:22:Infinity":12,"s:23:2:23:Infinity":13,"b:23:22:23:85:23:85:23:Infinity":3},"fnNames":{}}}
,"/home/max/workspace/PandaJump/src/rules/run.ts": {"path":"/home/max/workspace/PandaJump/src/rules/run.ts","statementMap":{"0":{"start":{"line":31,"column":17},"end":{"line":31,"column":null}},"1":{"start":{"line":32,"column":16},"end":{"line":32,"column":null}},"2":{"start":{"line":33,"column":18},"end":{"line":33,"column":null}},"3":{"start":{"line":34,"column":21},"end":{"line":34,"column":null}},"4":{"start":{"line":35,"column":24},"end":{"line":35,"column":null}},"5":{"start":{"line":36,"column":19},"end":{"line":36,"column":null}},"6":{"start":{"line":37,"column":22},"end":{"line":37,"column":null}},"7":{"start":{"line":39,"column":6},"end":{"line":46,"column":null}},"8":{"start":{"line":39,"column":49},"end":{"line":46,"column":null}},"9":{"start":{"line":48,"column":6},"end":{"line":49,"column":null}},"10":{"start":{"line":49,"column":2},"end":{"line":49,"column":null}},"11":{"start":{"line":51,"column":6},"end":{"line":60,"column":null}},"12":{"start":{"line":52,"column":15},"end":{"line":52,"column":null}},"13":{"start":{"line":53,"column":16},"end":{"line":53,"column":null}},"14":{"start":{"line":54,"column":16},"end":{"line":54,"column":null}},"15":{"start":{"line":55,"column":18},"end":{"line":55,"column":null}},"16":{"start":{"line":56,"column":18},"end":{"line":56,"column":null}},"17":{"start":{"line":57,"column":20},"end":{"line":57,"column":null}},"18":{"start":{"line":58,"column":15},"end":{"line":58,"column":null}},"19":{"start":{"line":59,"column":2},"end":{"line":59,"column":null}},"20":{"start":{"line":62,"column":6},"end":{"line":68,"column":null}},"21":{"start":{"line":63,"column":16},"end":{"line":63,"column":null}},"22":{"start":{"line":64,"column":2},"end":{"line":66,"column":null}},"23":{"start":{"line":64,"column":18},"end":{"line":64,"column":22}},"24":{"start":{"line":65,"column":4},"end":{"line":65,"column":null}},"25":{"start":{"line":67,"column":2},"end":{"line":67,"column":null}},"26":{"start":{"line":70,"column":6},"end":{"line":78,"column":null}},"27":{"start":{"line":70,"column":40},"end":{"line":78,"column":null}},"28":{"start":{"line":80,"column":13},"end":{"line":91,"column":null}},"29":{"start":{"line":81,"column":14},"end":{"line":81,"column":null}},"30":{"start":{"line":82,"column":2},"end":{"line":90,"column":null}},"31":{"start":{"line":84,"column":6},"end":{"line":84,"column":null}},"32":{"start":{"line":87,"column":6},"end":{"line":87,"column":null}},"33":{"start":{"line":89,"column":16},"end":{"line":89,"column":null}}},"fnMap":{"0":{"name":"(anonymous_0)","decl":{"start":{"line":39,"column":6},"end":{"line":39,"column":20}},"loc":{"start":{"line":39,"column":49},"end":{"line":46,"column":null}},"line":39},"1":{"name":"(anonymous_1)","decl":{"start":{"line":48,"column":6},"end":{"line":48,"column":18}},"loc":{"start":{"line":49,"column":2},"end":{"line":49,"column":null}},"line":49},"2":{"name":"(anonymous_2)","decl":{"start":{"line":51,"column":6},"end":{"line":51,"column":14}},"loc":{"start":{"line":51,"column":66},"end":{"line":60,"column":null}},"line":51},"3":{"name":"(anonymous_3)","decl":{"start":{"line":62,"column":6},"end":{"line":62,"column":22}},"loc":{"start":{"line":62,"column":74},"end":{"line":68,"column":null}},"line":62},"4":{"name":"(anonymous_4)","decl":{"start":{"line":70,"column":6},"end":{"line":70,"column":16}},"loc":{"start":{"line":70,"column":40},"end":{"line":78,"column":null}},"line":70},"5":{"name":"(anonymous_5)","decl":{"start":{"line":80,"column":13},"end":{"line":80,"column":26}},"loc":{"start":{"line":80,"column":50},"end":{"line":91,"column":null}},"line":80},"6":{"name":"(anonymous_6)","decl":{"start":{"line":83,"column":4},"end":{"line":83,"column":16}},"loc":{"start":{"line":83,"column":16},"end":{"line":85,"column":null}},"line":83},"7":{"name":"(anonymous_7)","decl":{"start":{"line":86,"column":4},"end":{"line":86,"column":14}},"loc":{"start":{"line":86,"column":21},"end":{"line":88,"column":null}},"line":86},"8":{"name":"(anonymous_8)","decl":{"start":{"line":89,"column":4},"end":{"line":89,"column":16}},"loc":{"start":{"line":89,"column":16},"end":{"line":89,"column":null}},"line":89}},"branchMap":{"0":{"loc":{"start":{"line":49,"column":2},"end":{"line":49,"column":null}},"type":"cond-expr","locations":[{"start":{"line":49,"column":28},"end":{"line":49,"column":75}},{"start":{"line":49,"column":75},"end":{"line":49,"column":null}}],"line":49},"1":{"loc":{"start":{"line":57,"column":39},"end":{"line":57,"column":null}},"type":"cond-expr","locations":[{"start":{"line":57,"column":60},"end":{"line":57,"column":74}},{"start":{"line":57,"column":74},"end":{"line":57,"column":null}}],"line":57},"2":{"loc":{"start":{"line":59,"column":9},"end":{"line":59,"column":null}},"type":"cond-expr","locations":[{"start":{"line":59,"column":50},"end":{"line":59,"column":83}},{"start":{"line":59,"column":83},"end":{"line":59,"column":null}}],"line":59}},"s":{"0":1,"1":1,"2":1,"3":1,"4":1,"5":1,"6":1,"7":1,"8":7,"9":1,"10":1033,"11":1,"12":1033,"13":1033,"14":1033,"15":1033,"16":1033,"17":1033,"18":1033,"19":1033,"20":1,"21":12,"22":12,"23":12,"24":1033,"25":12,"26":1,"27":12,"28":1,"29":6,"30":6,"31":2,"32":12,"33":12},"f":{"0":7,"1":1033,"2":1033,"3":12,"4":12,"5":6,"6":2,"7":12,"8":12},"b":{"0":[4,1029],"1":[4,1029],"2":[1,1032]},"meta":{"lastBranch":3,"lastFunction":9,"lastStatement":34,"seen":{"s:31:17:31:Infinity":0,"s:32:16:32:Infinity":1,"s:33:18:33:Infinity":2,"s:34:21:34:Infinity":3,"s:35:24:35:Infinity":4,"s:36:19:36:Infinity":5,"s:37:22:37:Infinity":6,"s:39:6:46:Infinity":7,"f:39:6:39:20":0,"s:39:49:46:Infinity":8,"s:48:6:49:Infinity":9,"f:48:6:48:18":1,"s:49:2:49:Infinity":10,"b:49:28:49:75:49:75:49:Infinity":0,"s:51:6:60:Infinity":11,"f:51:6:51:14":2,"s:52:15:52:Infinity":12,"s:53:16:53:Infinity":13,"s:54:16:54:Infinity":14,"s:55:18:55:Infinity":15,"s:56:18:56:Infinity":16,"s:57:20:57:Infinity":17,"b:57:60:57:74:57:74:57:Infinity":1,"s:58:15:58:Infinity":18,"s:59:2:59:Infinity":19,"b:59:50:59:83:59:83:59:Infinity":2,"s:62:6:68:Infinity":20,"f:62:6:62:22":3,"s:63:16:63:Infinity":21,"s:64:2:66:Infinity":22,"s:64:18:64:22":23,"s:65:4:65:Infinity":24,"s:67:2:67:Infinity":25,"s:70:6:78:Infinity":26,"f:70:6:70:16":4,"s:70:40:78:Infinity":27,"s:80:13:91:Infinity":28,"f:80:13:80:26":5,"s:81:14:81:Infinity":29,"s:82:2:90:Infinity":30,"f:83:4:83:16":6,"s:84:6:84:Infinity":31,"f:86:4:86:14":7,"s:87:6:87:Infinity":32,"f:89:4:89:16":8,"s:89:16:89:Infinity":33},"fnNames":{}}}
}
